# JRE version: OpenJDK Runtime Environment Corretto-11.0.13.8.1 (11.0.13+8) (build 11.0.13+8-LTS)
# Java VM: OpenJDK 64-Bit Server VM Corretto-11.0.13.8.1 (11.0.13+8-LTS, mixed mode, tiered, g1 gc, bsd-amd64)
Heap:
 garbage-first heap   total 344064K, used 98447K [0x0000007000000000, 0x0000008000000000)
  region size 16384K, 6 young (98304K), 1 survivors (16384K)
 Metaspace       used 59925K, capacity 61245K, committed 61440K, reserved 61440K
GC Heap History (18 events):
Event: 0.466 GC heap before
{Heap before GC invocations=0 (full 0):
 garbage-first heap   total 262144K, used 16384K [0x0000007000000000, 0x0000008000000000)
  region size 16384K, 1 young (16384K), 0 survivors (0K)
 Metaspace       used 8027K, capacity 8076K, committed 8192K, reserved 8192K
}
Event: 0.477 GC heap after
{Heap after GC invocations=1 (full 0):
 garbage-first heap   total 262144K, used 9394K [0x0000007000000000, 0x0000008000000000)
  region size 16384K, 1 young (16384K), 1 survivors (16384K)
 Metaspace       used 8027K, capacity 8076K, committed 8192K, reserved 8192K
}
Event: 0.848 GC heap before
{Heap before GC invocations=1 (full 0):
 garbage-first heap   total 262144K, used 9394K [0x0000007000000000, 0x0000008000000000)
  region size 16384K, 2 young (32768K), 1 survivors (16384K)
 Metaspace       used 12453K, capacity 12635K, committed 12800K, reserved 14336K
}
Event: 0.860 GC heap after
{Heap after GC invocations=2 (full 0):
 garbage-first heap   total 262144K, used 10778K [0x0000007000000000, 0x0000008000000000)
  region size 16384K, 1 young (16384K), 1 survivors (16384K)
 Metaspace       used 12453K, capacity 12635K, committed 12800K, reserved 14336K
}
Event: 1.099 GC heap before
{Heap before GC invocations=2 (full 0):
 garbage-first heap   total 262144K, used 43546K [0x0000007000000000, 0x0000008000000000)
  region size 16384K, 3 young (49152K), 1 survivors (16384K)
 Metaspace       used 17101K, capacity 17355K, committed 17664K, reserved 18432K
}
Event: 1.105 GC heap after
{Heap after GC invocations=3 (full 0):
 garbage-first heap   total 262144K, used 10857K [0x0000007000000000, 0x0000008000000000)
  region size 16384K, 1 young (16384K), 1 survivors (16384K)
 Metaspace       used 17101K, capacity 17355K, committed 17664K, reserved 18432K
}
Event: 1.522 GC heap before
{Heap before GC invocations=3 (full 0):
 garbage-first heap   total 262144K, used 141929K [0x0000007000000000, 0x0000008000000000)
  region size 16384K, 9 young (147456K), 1 survivors (16384K)
 Metaspace       used 17405K, capacity 17611K, committed 17920K, reserved 18432K
}
Event: 1.525 GC heap after
{Heap after GC invocations=4 (full 0):
 garbage-first heap   total 262144K, used 11057K [0x0000007000000000, 0x0000008000000000)
  region size 16384K, 1 young (16384K), 1 survivors (16384K)
 Metaspace       used 17405K, capacity 17611K, committed 17920K, reserved 18432K
}
Event: 2.713 GC heap before
{Heap before GC invocations=4 (full 0):
 garbage-first heap   total 262144K, used 60209K [0x0000007000000000, 0x0000008000000000)
  region size 16384K, 5 young (81920K), 1 survivors (16384K)
 Metaspace       used 20696K, capacity 20884K, committed 21248K, reserved 22528K
}
Event: 2.717 GC heap after
{Heap after GC invocations=5 (full 0):
 garbage-first heap   total 344064K, used 12161K [0x0000007000000000, 0x0000008000000000)
  region size 16384K, 1 young (16384K), 1 survivors (16384K)
 Metaspace       used 20696K, capacity 20884K, committed 21248K, reserved 22528K
}
Event: 4.195 GC heap before
{Heap before GC invocations=6 (full 0):
 garbage-first heap   total 344064K, used 110465K [0x0000007000000000, 0x0000008000000000)
  region size 16384K, 8 young (131072K), 1 survivors (16384K)
 Metaspace       used 35177K, capacity 35650K, committed 35840K, reserved 36864K
}
Event: 4.205 GC heap after
{Heap after GC invocations=7 (full 0):
 garbage-first heap   total 344064K, used 17967K [0x0000007000000000, 0x0000008000000000)
  region size 16384K, 1 young (16384K), 1 survivors (16384K)
 Metaspace       used 35177K, capacity 35650K, committed 35840K, reserved 36864K
}
Event: 11.012 GC heap before
{Heap before GC invocations=8 (full 0):
 garbage-first heap   total 344064K, used 181807K [0x0000007000000000, 0x0000008000000000)
  region size 16384K, 12 young (196608K), 1 survivors (16384K)
 Metaspace       used 56265K, capacity 57454K, committed 57600K, reserved 59392K
}
Event: 11.034 GC heap after
{Heap after GC invocations=9 (full 0):
 garbage-first heap   total 344064K, used 27707K [0x0000007000000000, 0x0000008000000000)
  region size 16384K, 2 young (32768K), 2 survivors (32768K)
 Metaspace       used 56265K, capacity 57454K, committed 57600K, reserved 59392K
}
Event: 11.533 GC heap before
{Heap before GC invocations=9 (full 0):
 garbage-first heap   total 344064K, used 60475K [0x0000007000000000, 0x0000008000000000)
  region size 16384K, 5 young (81920K), 2 survivors (32768K)
 Metaspace       used 58839K, capacity 60083K, committed 60160K, reserved 61440K
}
Event: 11.553 GC heap after
{Heap after GC invocations=10 (full 0):
 garbage-first heap   total 344064K, used 30640K [0x0000007000000000, 0x0000008000000000)
  region size 16384K, 2 young (32768K), 2 survivors (32768K)
 Metaspace       used 58839K, capacity 60083K, committed 60160K, reserved 61440K
}
Event: 26.625 GC heap before
{Heap before GC invocations=11 (full 0):
 garbage-first heap   total 344064K, used 194480K [0x0000007000000000, 0x0000008000000000)
  region size 16384K, 12 young (196608K), 2 survivors (32768K)
 Metaspace       used 59909K, capacity 61241K, committed 61440K, reserved 61440K
}
Event: 26.646 GC heap after
{Heap after GC invocations=12 (full 0):
 garbage-first heap   total 344064K, used 32911K [0x0000007000000000, 0x0000008000000000)
  region size 16384K, 1 young (16384K), 1 survivors (16384K)
 Metaspace       used 59909K, capacity 61241K, committed 61440K, reserved 61440K
}

