# JRE version: OpenJDK Runtime Environment Corretto-11.0.13.8.1 (11.0.13+8) (build 11.0.13+8-LTS)
# Java VM: OpenJDK 64-Bit Server VM Corretto-11.0.13.8.1 (11.0.13+8-LTS, mixed mode, tiered, g1 gc, bsd-amd64)
Heap:
 garbage-first heap   total 327680K, used 81867K [0x0000007000000000, 0x0000008000000000)
  region size 16384K, 5 young (81920K), 1 survivors (16384K)
 Metaspace       used 59191K, capacity 60580K, committed 60672K, reserved 61440K
GC Heap History (18 events):
Event: 0.379 GC heap before
{Heap before GC invocations=0 (full 0):
 garbage-first heap   total 262144K, used 16384K [0x0000007000000000, 0x0000008000000000)
  region size 16384K, 1 young (16384K), 0 survivors (0K)
 Metaspace       used 8006K, capacity 8042K, committed 8192K, reserved 8192K
}
Event: 0.385 GC heap after
{Heap after GC invocations=1 (full 0):
 garbage-first heap   total 262144K, used 9437K [0x0000007000000000, 0x0000008000000000)
  region size 16384K, 1 young (16384K), 1 survivors (16384K)
 Metaspace       used 8006K, capacity 8042K, committed 8192K, reserved 8192K
}
Event: 0.767 GC heap before
{Heap before GC invocations=1 (full 0):
 garbage-first heap   total 262144K, used 9437K [0x0000007000000000, 0x0000008000000000)
  region size 16384K, 2 young (32768K), 1 survivors (16384K)
 Metaspace       used 12653K, capacity 12906K, committed 13056K, reserved 14336K
}
Event: 0.776 GC heap after
{Heap after GC invocations=2 (full 0):
 garbage-first heap   total 262144K, used 10714K [0x0000007000000000, 0x0000008000000000)
  region size 16384K, 1 young (16384K), 1 survivors (16384K)
 Metaspace       used 12653K, capacity 12906K, committed 13056K, reserved 14336K
}
Event: 1.148 GC heap before
{Heap before GC invocations=2 (full 0):
 garbage-first heap   total 262144K, used 59866K [0x0000007000000000, 0x0000008000000000)
  region size 16384K, 4 young (65536K), 1 survivors (16384K)
 Metaspace       used 16883K, capacity 17116K, committed 17408K, reserved 18432K
}
Event: 1.151 GC heap after
{Heap after GC invocations=3 (full 0):
 garbage-first heap   total 262144K, used 10887K [0x0000007000000000, 0x0000008000000000)
  region size 16384K, 1 young (16384K), 1 survivors (16384K)
 Metaspace       used 16883K, capacity 17116K, committed 17408K, reserved 18432K
}
Event: 9.433 GC heap before
{Heap before GC invocations=3 (full 0):
 garbage-first heap   total 262144K, used 141959K [0x0000007000000000, 0x0000008000000000)
  region size 16384K, 9 young (147456K), 1 survivors (16384K)
 Metaspace       used 17413K, capacity 17633K, committed 17920K, reserved 18432K
}
Event: 9.437 GC heap after
{Heap after GC invocations=4 (full 0):
 garbage-first heap   total 262144K, used 11414K [0x0000007000000000, 0x0000008000000000)
  region size 16384K, 1 young (16384K), 1 survivors (16384K)
 Metaspace       used 17413K, capacity 17633K, committed 17920K, reserved 18432K
}
Event: 9.938 GC heap before
{Heap before GC invocations=4 (full 0):
 garbage-first heap   total 262144K, used 44182K [0x0000007000000000, 0x0000008000000000)
  region size 16384K, 4 young (65536K), 1 survivors (16384K)
 Metaspace       used 20640K, capacity 20837K, committed 21248K, reserved 22528K
}
Event: 9.941 GC heap after
{Heap after GC invocations=5 (full 0):
 garbage-first heap   total 262144K, used 12136K [0x0000007000000000, 0x0000008000000000)
  region size 16384K, 1 young (16384K), 1 survivors (16384K)
 Metaspace       used 20640K, capacity 20837K, committed 21248K, reserved 22528K
}
Event: 11.335 GC heap before
{Heap before GC invocations=6 (full 0):
 garbage-first heap   total 262144K, used 110440K [0x0000007000000000, 0x0000008000000000)
  region size 16384K, 8 young (131072K), 1 survivors (16384K)
 Metaspace       used 35247K, capacity 35698K, committed 35840K, reserved 36864K
}
Event: 11.342 GC heap after
{Heap after GC invocations=7 (full 0):
 garbage-first heap   total 262144K, used 18035K [0x0000007000000000, 0x0000008000000000)
  region size 16384K, 1 young (16384K), 1 survivors (16384K)
 Metaspace       used 35247K, capacity 35698K, committed 35840K, reserved 36864K
}
Event: 17.778 GC heap before
{Heap before GC invocations=8 (full 0):
 garbage-first heap   total 262144K, used 149107K [0x0000007000000000, 0x0000008000000000)
  region size 16384K, 9 young (147456K), 1 survivors (16384K)
 Metaspace       used 52635K, capacity 53733K, committed 54016K, reserved 55296K
}
Event: 17.804 GC heap after
{Heap after GC invocations=9 (full 0):
 garbage-first heap   total 262144K, used 26500K [0x0000007000000000, 0x0000008000000000)
  region size 16384K, 2 young (32768K), 2 survivors (32768K)
 Metaspace       used 52635K, capacity 53733K, committed 54016K, reserved 55296K
}
Event: 18.665 GC heap before
{Heap before GC invocations=9 (full 0):
 garbage-first heap   total 262144K, used 75652K [0x0000007000000000, 0x0000008000000000)
  region size 16384K, 6 young (98304K), 2 survivors (32768K)
 Metaspace       used 58789K, capacity 60088K, committed 60160K, reserved 61440K
}
Event: 18.691 GC heap after
{Heap after GC invocations=10 (full 0):
 garbage-first heap   total 262144K, used 31085K [0x0000007000000000, 0x0000008000000000)
  region size 16384K, 2 young (32768K), 2 survivors (32768K)
 Metaspace       used 58789K, capacity 60088K, committed 60160K, reserved 61440K
}
Event: 19.280 GC heap before
{Heap before GC invocations=11 (full 0):
 garbage-first heap   total 262144K, used 145773K [0x0000007000000000, 0x0000008000000000)
  region size 16384K, 9 young (147456K), 2 survivors (32768K)
 Metaspace       used 59166K, capacity 60503K, committed 60672K, reserved 61440K
}
Event: 19.306 GC heap after
{Heap after GC invocations=12 (full 0):
 garbage-first heap   total 327680K, used 32715K [0x0000007000000000, 0x0000008000000000)
  region size 16384K, 1 young (16384K), 1 survivors (16384K)
 Metaspace       used 59166K, capacity 60503K, committed 60672K, reserved 61440K
}

